<?xml version="1.0" encoding="UTF-8"?>
<!-- Generated by org.testng.reporters.JUnitReportReporter -->
<testsuite skipped="0" hostname="Tugba-MBP.fios-router.home" name="com.qa.verizon.tests.CartPageTest" tests="3" failures="0" timestamp="2020-07-21T16:47:19 EDT" time="4.190" errors="0">
  <testcase name="cartSignClickTest" time="1.324" classname="com.qa.verizon.tests.CartPageTest"/>
  <system-out/>
  <testcase name="getTitleTest" time="2.434" classname="com.qa.verizon.tests.CartPageTest"/>
  <system-out/>
  <testcase name="verifyChosenPhoneTest" time="0.432" classname="com.qa.verizon.tests.CartPageTest"/>
  <system-out/>
</testsuite> <!-- com.qa.verizon.tests.CartPageTest -->
